<?xml version="1.0" encoding="UTF-8"?>
<testng-results skipped="0" failed="1" ignored="0" total="1" passed="0">
  <reporter-output>
  </reporter-output>
  <suite name="Default suite" duration-ms="20900" started-at="2022-02-18T11:29:18Z" finished-at="2022-02-18T11:29:38Z">
    <groups>
    </groups>
    <test name="Default test" duration-ms="20900" started-at="2022-02-18T11:29:18Z" finished-at="2022-02-18T11:29:38Z">
      <class name="org.base.New">
        <test-method status="PASS" signature="lanch()[pri:0, instance:org.base.New@433d61fb]" name="lanch" is-config="true" duration-ms="3446" started-at="2022-02-18T11:29:18Z" finished-at="2022-02-18T11:29:21Z">
          <reporter-output>
          </reporter-output>
        </test-method> <!-- lanch -->
        <test-method status="PASS" signature="startTime()[pri:0, instance:org.base.New@433d61fb]" name="startTime" is-config="true" duration-ms="5509" started-at="2022-02-18T11:29:21Z" finished-at="2022-02-18T11:29:27Z">
          <reporter-output>
          </reporter-output>
        </test-method> <!-- startTime -->
        <test-method status="FAIL" signature="tc()[pri:0, instance:org.base.New@433d61fb]" name="tc" duration-ms="10202" started-at="2022-02-18T11:29:27Z" finished-at="2022-02-18T11:29:37Z">
          <exception class="java.lang.AssertionError">
            <message>
              <![CDATA[to check the url22 expected [true] but found [false]]]>
            </message>
            <full-stacktrace>
              <![CDATA[java.lang.AssertionError: to check the url22 expected [true] but found [false]
at org.testng.Assert.fail(Assert.java:96)
at org.testng.Assert.failNotEquals(Assert.java:776)
at org.testng.Assert.assertTrue(Assert.java:44)
at org.base.New.tc(New.java:56)
at sun.reflect.NativeMethodAccessorImpl.invoke0(Native Method)
at sun.reflect.NativeMethodAccessorImpl.invoke(Unknown Source)
at sun.reflect.DelegatingMethodAccessorImpl.invoke(Unknown Source)
at java.lang.reflect.Method.invoke(Unknown Source)
at org.testng.internal.MethodInvocationHelper.invokeMethod(MethodInvocationHelper.java:124)
at org.testng.internal.Invoker.invokeMethod(Invoker.java:583)
at org.testng.internal.Invoker.invokeTestMethod(Invoker.java:719)
at org.testng.internal.Invoker.invokeTestMethods(Invoker.java:989)
at org.testng.internal.TestMethodWorker.invokeTestMethods(TestMethodWorker.java:125)
at org.testng.internal.TestMethodWorker.run(TestMethodWorker.java:109)
at org.testng.TestRunner.privateRun(TestRunner.java:648)
at org.testng.TestRunner.run(TestRunner.java:505)
at org.testng.SuiteRunner.runTest(SuiteRunner.java:455)
at org.testng.SuiteRunner.runSequentially(SuiteRunner.java:450)
at org.testng.SuiteRunner.privateRun(SuiteRunner.java:415)
at org.testng.SuiteRunner.run(SuiteRunner.java:364)
at org.testng.SuiteRunnerWorker.runSuite(SuiteRunnerWorker.java:52)
at org.testng.SuiteRunnerWorker.run(SuiteRunnerWorker.java:84)
at org.testng.TestNG.runSuitesSequentially(TestNG.java:1208)
at org.testng.TestNG.runSuitesLocally(TestNG.java:1137)
at org.testng.TestNG.runSuites(TestNG.java:1049)
at org.testng.TestNG.run(TestNG.java:1017)
at org.testng.remote.AbstractRemoteTestNG.run(AbstractRemoteTestNG.java:115)
at org.testng.remote.RemoteTestNG.initAndRun(RemoteTestNG.java:251)
at org.testng.remote.RemoteTestNG.main(RemoteTestNG.java:77)
]]>
            </full-stacktrace>
          </exception> <!-- java.lang.AssertionError -->
          <reporter-output>
          </reporter-output>
        </test-method> <!-- tc -->
        <test-method status="PASS" signature="endTime()[pri:0, instance:org.base.New@433d61fb]" name="endTime" is-config="true" duration-ms="1" started-at="2022-02-18T11:29:37Z" finished-at="2022-02-18T11:29:37Z">
          <reporter-output>
          </reporter-output>
        </test-method> <!-- endTime -->
        <test-method status="PASS" signature="closeBrowser()[pri:0, instance:org.base.New@433d61fb]" name="closeBrowser" is-config="true" duration-ms="1662" started-at="2022-02-18T11:29:37Z" finished-at="2022-02-18T11:29:38Z">
          <reporter-output>
          </reporter-output>
        </test-method> <!-- closeBrowser -->
      </class> <!-- org.base.New -->
    </test> <!-- Default test -->
  </suite> <!-- Default suite -->
</testng-results>
